<?xml version="1.0" encoding="UTF-8"?>
<!-- Generated by org.testng.reporters.JUnitXMLReporter -->
<testsuite hostname="DESKTOP-VAO15PV" ignored="0" name="Default test" tests="2" failures="0" timestamp="14 Nov 2021 03:08:22 GMT" time="41.764" errors="0">
  <testcase name="verifyEnterCorrectDetailsInGetInTouchPage_successfullyMessageIsShown" time="14.704" classname="test.PreciselyTest"/>
  <testcase name="verifyRegulatoryComplianceWebLinkisPresentedInFourStepsToBuildingGovernanceTeamPage_successfulLinkIsShown" time="8.919" classname="test.PreciselyTest"/>
</testsuite> <!-- Default test -->
