<?xml version="1.0" encoding="UTF-8"?>
<testng-results skipped="0" failed="0" ignored="0" total="2" passed="2">
  <reporter-output>
  </reporter-output>
  <suite name="Default suite" duration-ms="41764" started-at="2021-11-14T03:07:40Z" finished-at="2021-11-14T03:08:22Z">
    <groups>
    </groups>
    <test name="Default test" duration-ms="41764" started-at="2021-11-14T03:07:40Z" finished-at="2021-11-14T03:08:22Z">
      <class name="test.PreciselyTest">
        <test-method status="PASS" signature="extentReportSetup()[pri:0, instance:test.PreciselyTest@3e3047e6]" name="extentReportSetup" is-config="true" duration-ms="269" started-at="2021-11-14T03:07:40Z" finished-at="2021-11-14T03:07:40Z">
          <reporter-output>
          </reporter-output>
        </test-method> <!-- extentReportSetup -->
        <test-method status="PASS" signature="initializeDriver()[pri:0, instance:test.PreciselyTest@3e3047e6]" name="initializeDriver" is-config="true" duration-ms="8828" started-at="2021-11-14T03:07:40Z" finished-at="2021-11-14T03:07:49Z">
          <reporter-output>
          </reporter-output>
        </test-method> <!-- initializeDriver -->
        <test-method status="PASS" signature="before()[pri:0, instance:test.PreciselyTest@3e3047e6]" name="before" is-config="true" duration-ms="67" started-at="2021-11-14T03:07:49Z" finished-at="2021-11-14T03:07:49Z">
          <reporter-output>
          </reporter-output>
        </test-method> <!-- before -->
        <test-method status="PASS" signature="verifyEnterCorrectDetailsInGetInTouchPage_successfullyMessageIsShown()[pri:0, instance:test.PreciselyTest@3e3047e6]" name="verifyEnterCorrectDetailsInGetInTouchPage_successfullyMessageIsShown" duration-ms="14704" started-at="2021-11-14T03:07:49Z" finished-at="2021-11-14T03:08:04Z">
          <reporter-output>
          </reporter-output>
        </test-method> <!-- verifyEnterCorrectDetailsInGetInTouchPage_successfullyMessageIsShown -->
        <test-method status="PASS" signature="generateReportDataAndCloseAllDrivers(org.testng.ITestResult)[pri:0, instance:test.PreciselyTest@3e3047e6]" name="generateReportDataAndCloseAllDrivers" is-config="true" duration-ms="938" started-at="2021-11-14T03:08:04Z" finished-at="2021-11-14T03:08:05Z">
          <params>
            <param index="0">
              <value>
                <![CDATA[[TestResult name=verifyEnterCorrectDetailsInGetInTouchPage_successfullyMessageIsShown status=SUCCESS method=PreciselyTest.verifyEnterCorrectDetailsInGetInTouchPage_successfullyMessageIsShown()[pri:0, instance:test.PreciselyTest@3e3047e6] output={null}]]]>
              </value>
            </param>
          </params>
          <reporter-output>
          </reporter-output>
        </test-method> <!-- generateReportDataAndCloseAllDrivers -->
        <test-method status="PASS" signature="initializeDriver()[pri:0, instance:test.PreciselyTest@3e3047e6]" name="initializeDriver" is-config="true" duration-ms="6561" started-at="2021-11-14T03:08:05Z" finished-at="2021-11-14T03:08:11Z">
          <reporter-output>
          </reporter-output>
        </test-method> <!-- initializeDriver -->
        <test-method status="PASS" signature="before()[pri:0, instance:test.PreciselyTest@3e3047e6]" name="before" is-config="true" duration-ms="8" started-at="2021-11-14T03:08:11Z" finished-at="2021-11-14T03:08:11Z">
          <reporter-output>
          </reporter-output>
        </test-method> <!-- before -->
        <test-method status="PASS" signature="verifyRegulatoryComplianceWebLinkisPresentedInFourStepsToBuildingGovernanceTeamPage_successfulLinkIsShown()[pri:0, instance:test.PreciselyTest@3e3047e6]" name="verifyRegulatoryComplianceWebLinkisPresentedInFourStepsToBuildingGovernanceTeamPage_successfulLinkIsShown" duration-ms="8919" started-at="2021-11-14T03:08:11Z" finished-at="2021-11-14T03:08:20Z">
          <reporter-output>
          </reporter-output>
        </test-method> <!-- verifyRegulatoryComplianceWebLinkisPresentedInFourStepsToBuildingGovernanceTeamPage_successfulLinkIsShown -->
        <test-method status="PASS" signature="generateReportDataAndCloseAllDrivers(org.testng.ITestResult)[pri:0, instance:test.PreciselyTest@3e3047e6]" name="generateReportDataAndCloseAllDrivers" is-config="true" duration-ms="866" started-at="2021-11-14T03:08:20Z" finished-at="2021-11-14T03:08:21Z">
          <params>
            <param index="0">
              <value>
                <![CDATA[[TestResult name=verifyRegulatoryComplianceWebLinkisPresentedInFourStepsToBuildingGovernanceTeamPage_successfulLinkIsShown status=SUCCESS method=PreciselyTest.verifyRegulatoryComplianceWebLinkisPresentedInFourStepsToBuildingGovernanceTeamPage_successfulLinkIsShown()[pri:0, instance:test.PreciselyTest@3e3047e6] output={null}]]]>
              </value>
            </param>
          </params>
          <reporter-output>
          </reporter-output>
        </test-method> <!-- generateReportDataAndCloseAllDrivers -->
        <test-method status="PASS" signature="endReport()[pri:0, instance:test.PreciselyTest@3e3047e6]" name="endReport" is-config="true" duration-ms="558" started-at="2021-11-14T03:08:21Z" finished-at="2021-11-14T03:08:22Z">
          <reporter-output>
          </reporter-output>
        </test-method> <!-- endReport -->
      </class> <!-- test.PreciselyTest -->
    </test> <!-- Default test -->
  </suite> <!-- Default suite -->
</testng-results>
